2011-10-21 15:37:43.822-0400: Creating new db @ neo4j-store/neostore
2011-10-21 15:37:45.808-0400: Opened [neo4j-store/nioneo_logical.log.1] clean empty log, version=0, lastTxId=1
2011-10-21 15:37:45.995-0400: Opened [/home/pkalmegh/Projects/eclipse/cse6140/collectiveIntelligence/neo4j-store/index/lucene.log.1] clean empty log, version=0, lastTxId=1
2011-10-21 15:37:46.042-0400: TM new log: tm_tx_log.1
2011-10-21 15:37:46.091-0400: --- CONFIGURATION START ---
2011-10-21 15:37:46.091-0400: Physical mem: 2987MB, Heap size: 664MB
2011-10-21 15:37:46.093-0400: Kernel version: Neo4j - Graph Database Kernel 1.5.M02
2011-10-21 15:37:46.094-0400: Neo4j - Graph Database Kernel 1.5.M02
2011-10-21 15:37:46.138-0400: Operating System: Linux; version: 3.0.0-12-generic; arch: i386; cpus: 2
2011-10-21 15:37:46.138-0400: VM Name: OpenJDK Server VM
2011-10-21 15:37:46.138-0400: VM Vendor: Sun Microsystems Inc.
2011-10-21 15:37:46.139-0400: VM Version: 20.0-b11
2011-10-21 15:37:46.139-0400: Boot Class Path: /usr/lib/jvm/java-6-openjdk/jre/lib/resources.jar:/usr/lib/jvm/java-6-openjdk/jre/lib/rt.jar:/usr/lib/jvm/java-6-openjdk/jre/lib/sunrsasign.jar:/usr/lib/jvm/java-6-openjdk/jre/lib/jsse.jar:/usr/lib/jvm/java-6-openjdk/jre/lib/jce.jar:/usr/lib/jvm/java-6-openjdk/jre/lib/charsets.jar:/usr/lib/jvm/java-6-openjdk/jre/lib/netx.jar:/usr/lib/jvm/java-6-openjdk/jre/lib/plugin.jar:/usr/lib/jvm/java-6-openjdk/jre/lib/rhino.jar:/usr/lib/jvm/java-6-openjdk/jre/lib/modules/jdk.boot.jar:/usr/lib/jvm/java-6-openjdk/jre/classes
2011-10-21 15:37:46.139-0400: Class Path: /home/pkalmegh/Projects/eclipse/cse6140/collectiveIntelligence/bin:/home/pkalmegh/Projects/neo4j-home/lib/geronimo-jta_1.1_spec-1.1.1.jar:/home/pkalmegh/Projects/neo4j-home/lib/lucene-core-3.1.0.jar:/home/pkalmegh/Projects/neo4j-home/lib/neo4j-community-1.5.M02.jar:/home/pkalmegh/Projects/neo4j-home/lib/neo4j-cypher-1.5.M02.jar:/home/pkalmegh/Projects/neo4j-home/lib/neo4j-graph-algo-1.5.M02.jar:/home/pkalmegh/Projects/neo4j-home/lib/neo4j-graph-matching-1.5.M02.jar:/home/pkalmegh/Projects/neo4j-home/lib/neo4j-jmx-1.5.M02.jar:/home/pkalmegh/Projects/neo4j-home/lib/neo4j-kernel-1.5.M02.jar:/home/pkalmegh/Projects/neo4j-home/lib/neo4j-lucene-index-1.5.M02.jar:/home/pkalmegh/Projects/neo4j-home/lib/org.apache.servicemix.bundles.jline-0.9.94_1.jar:/home/pkalmegh/Projects/neo4j-home/lib/neo4j-shell-1.5.M02.jar:/home/pkalmegh/Projects/neo4j-home/lib/neo4j-udc-1.5.M02.jar:/home/pkalmegh/Projects/neo4j-home/lib/scala-library-2.9.0-1.jar:/home/pkalmegh/Projects/neo4j-home/lib/server-api-1.5.M02.jar
2011-10-21 15:37:46.139-0400: Library Path: /usr/lib/jvm/java-6-openjdk/jre/lib/i386/server:/usr/lib/jvm/java-6-openjdk/jre/lib/i386:/usr/lib/jvm/java-6-openjdk/jre/../lib/i386:/usr/lib/jvm/java-6-openjdk/jre/lib/i386/client:/usr/lib/jvm/java-6-openjdk/jre/lib/i386::/usr/java/packages/lib/i386:/usr/lib/jni:/lib:/usr/lib
2011-10-21 15:37:46.163-0400: Garbage Collector: PS Scavenge: [PS Eden Space, PS Survivor Space]
2011-10-21 15:37:46.163-0400: Garbage Collector: PS MarkSweep: [PS Eden Space, PS Survivor Space, PS Old Gen, PS Perm Gen]
2011-10-21 15:37:46.164-0400: VM Arguments: [-Dfile.encoding=UTF-8]
2011-10-21 15:37:46.164-0400: 
2011-10-21 15:37:46.181-0400: create=true
2011-10-21 15:37:46.181-0400: logical_log=neo4j-store/nioneo_logical.log
2011-10-21 15:37:46.181-0400: neo_store=neo4j-store/neostore
2011-10-21 15:37:46.181-0400: neostore.nodestore.db.mapped_memory=20M
2011-10-21 15:37:46.182-0400: neostore.propertystore.db.arrays.mapped_memory=130M
2011-10-21 15:37:46.182-0400: neostore.propertystore.db.index.keys.mapped_memory=1M
2011-10-21 15:37:46.182-0400: neostore.propertystore.db.index.mapped_memory=1M
2011-10-21 15:37:46.182-0400: neostore.propertystore.db.mapped_memory=90M
2011-10-21 15:37:46.182-0400: neostore.propertystore.db.strings.mapped_memory=130M
2011-10-21 15:37:46.182-0400: neostore.relationshipstore.db.mapped_memory=100M
2011-10-21 15:37:46.182-0400: node_auto_indexing=false
2011-10-21 15:37:46.182-0400: rebuild_idgenerators_fast=true
2011-10-21 15:37:46.182-0400: relationship_auto_indexing=false
2011-10-21 15:37:46.183-0400: store_dir=neo4j-store
2011-10-21 15:37:46.183-0400: use_memory_mapped_buffers=true
2011-10-21 15:37:46.183-0400: --- CONFIGURATION END ---
2011-10-21 15:37:46.510-0400: Extension org.neo4j.kernel.KernelExtension[kernel jmx] loaded ok
2011-10-21 15:37:46.526-0400: Extension org.neo4j.kernel.KernelExtension[shell] loaded ok
2011-10-21 15:37:46.531-0400: Extension org.neo4j.kernel.KernelExtension[kernel udc] loaded ok
2011-10-21 15:37:46.756-0400: Closed log neo4j-store/nioneo_logical.log
2011-10-21 15:37:47.187-0400: NeoStore closed
2011-10-21 15:37:47.231-0400: Closed log /home/pkalmegh/Projects/eclipse/cse6140/collectiveIntelligence/neo4j-store/index/lucene.log
2011-10-21 15:37:47.232-0400: NeoStore closed
2011-10-21 15:37:47.264-0400: TM shutting down
2011-10-21 15:38:06.324-0400: Opened [neo4j-store/nioneo_logical.log.1] clean empty log, version=0, lastTxId=2
2011-10-21 15:38:06.395-0400: Opened [/home/pkalmegh/Projects/eclipse/cse6140/collectiveIntelligence/neo4j-store/index/lucene.log.1] clean empty log, version=0, lastTxId=1
2011-10-21 15:38:06.406-0400: TM opening log: neo4j-store/tm_tx_log.1
2011-10-21 15:38:06.429-0400: --- CONFIGURATION START ---
2011-10-21 15:38:06.429-0400: Physical mem: 2987MB, Heap size: 664MB
2011-10-21 15:38:06.431-0400: Kernel version: Neo4j - Graph Database Kernel 1.5.M02
2011-10-21 15:38:06.432-0400: Neo4j - Graph Database Kernel 1.5.M02
2011-10-21 15:38:06.434-0400: Operating System: Linux; version: 3.0.0-12-generic; arch: i386; cpus: 2
2011-10-21 15:38:06.435-0400: VM Name: OpenJDK Server VM
2011-10-21 15:38:06.435-0400: VM Vendor: Sun Microsystems Inc.
2011-10-21 15:38:06.435-0400: VM Version: 20.0-b11
2011-10-21 15:38:06.435-0400: Boot Class Path: /usr/lib/jvm/java-6-openjdk/jre/lib/resources.jar:/usr/lib/jvm/java-6-openjdk/jre/lib/rt.jar:/usr/lib/jvm/java-6-openjdk/jre/lib/sunrsasign.jar:/usr/lib/jvm/java-6-openjdk/jre/lib/jsse.jar:/usr/lib/jvm/java-6-openjdk/jre/lib/jce.jar:/usr/lib/jvm/java-6-openjdk/jre/lib/charsets.jar:/usr/lib/jvm/java-6-openjdk/jre/lib/netx.jar:/usr/lib/jvm/java-6-openjdk/jre/lib/plugin.jar:/usr/lib/jvm/java-6-openjdk/jre/lib/rhino.jar:/usr/lib/jvm/java-6-openjdk/jre/lib/modules/jdk.boot.jar:/usr/lib/jvm/java-6-openjdk/jre/classes
2011-10-21 15:38:06.435-0400: Class Path: /home/pkalmegh/Projects/eclipse/cse6140/collectiveIntelligence/bin:/home/pkalmegh/Projects/neo4j-home/lib/geronimo-jta_1.1_spec-1.1.1.jar:/home/pkalmegh/Projects/neo4j-home/lib/lucene-core-3.1.0.jar:/home/pkalmegh/Projects/neo4j-home/lib/neo4j-community-1.5.M02.jar:/home/pkalmegh/Projects/neo4j-home/lib/neo4j-cypher-1.5.M02.jar:/home/pkalmegh/Projects/neo4j-home/lib/neo4j-graph-algo-1.5.M02.jar:/home/pkalmegh/Projects/neo4j-home/lib/neo4j-graph-matching-1.5.M02.jar:/home/pkalmegh/Projects/neo4j-home/lib/neo4j-jmx-1.5.M02.jar:/home/pkalmegh/Projects/neo4j-home/lib/neo4j-kernel-1.5.M02.jar:/home/pkalmegh/Projects/neo4j-home/lib/neo4j-lucene-index-1.5.M02.jar:/home/pkalmegh/Projects/neo4j-home/lib/org.apache.servicemix.bundles.jline-0.9.94_1.jar:/home/pkalmegh/Projects/neo4j-home/lib/neo4j-shell-1.5.M02.jar:/home/pkalmegh/Projects/neo4j-home/lib/neo4j-udc-1.5.M02.jar:/home/pkalmegh/Projects/neo4j-home/lib/scala-library-2.9.0-1.jar:/home/pkalmegh/Projects/neo4j-home/lib/server-api-1.5.M02.jar
2011-10-21 15:38:06.435-0400: Library Path: /usr/lib/jvm/java-6-openjdk/jre/lib/i386/server:/usr/lib/jvm/java-6-openjdk/jre/lib/i386:/usr/lib/jvm/java-6-openjdk/jre/../lib/i386:/usr/lib/jvm/java-6-openjdk/jre/lib/i386/client:/usr/lib/jvm/java-6-openjdk/jre/lib/i386::/usr/java/packages/lib/i386:/usr/lib/jni:/lib:/usr/lib
2011-10-21 15:38:06.437-0400: Garbage Collector: PS Scavenge: [PS Eden Space, PS Survivor Space]
2011-10-21 15:38:06.437-0400: Garbage Collector: PS MarkSweep: [PS Eden Space, PS Survivor Space, PS Old Gen, PS Perm Gen]
2011-10-21 15:38:06.438-0400: VM Arguments: [-Dfile.encoding=UTF-8]
2011-10-21 15:38:06.438-0400: 
2011-10-21 15:38:06.440-0400: create=true
2011-10-21 15:38:06.440-0400: logical_log=neo4j-store/nioneo_logical.log
2011-10-21 15:38:06.440-0400: neo_store=neo4j-store/neostore
2011-10-21 15:38:06.440-0400: neostore.nodestore.db.mapped_memory=20M
2011-10-21 15:38:06.440-0400: neostore.propertystore.db.arrays.mapped_memory=130M
2011-10-21 15:38:06.440-0400: neostore.propertystore.db.index.keys.mapped_memory=1M
2011-10-21 15:38:06.440-0400: neostore.propertystore.db.index.mapped_memory=1M
2011-10-21 15:38:06.441-0400: neostore.propertystore.db.mapped_memory=90M
2011-10-21 15:38:06.441-0400: neostore.propertystore.db.strings.mapped_memory=130M
2011-10-21 15:38:06.441-0400: neostore.relationshipstore.db.mapped_memory=100M
2011-10-21 15:38:06.441-0400: node_auto_indexing=false
2011-10-21 15:38:06.441-0400: rebuild_idgenerators_fast=true
2011-10-21 15:38:06.441-0400: relationship_auto_indexing=false
2011-10-21 15:38:06.441-0400: store_dir=neo4j-store
2011-10-21 15:38:06.441-0400: use_memory_mapped_buffers=true
2011-10-21 15:38:06.441-0400: --- CONFIGURATION END ---
2011-10-21 15:38:06.536-0400: Extension org.neo4j.kernel.KernelExtension[kernel jmx] loaded ok
2011-10-21 15:38:06.537-0400: Extension org.neo4j.kernel.KernelExtension[shell] loaded ok
2011-10-21 15:38:06.540-0400: Extension org.neo4j.kernel.KernelExtension[kernel udc] loaded ok
2011-10-21 15:38:06.742-0400: Closed log neo4j-store/nioneo_logical.log
2011-10-21 15:38:07.108-0400: NeoStore closed
2011-10-21 15:38:07.152-0400: Closed log /home/pkalmegh/Projects/eclipse/cse6140/collectiveIntelligence/neo4j-store/index/lucene.log
2011-10-21 15:38:07.152-0400: NeoStore closed
2011-10-21 15:38:07.181-0400: TM shutting down
2011-10-21 15:38:25.403-0400: Opened [neo4j-store/nioneo_logical.log.1] clean empty log, version=0, lastTxId=2
2011-10-21 15:38:25.481-0400: Opened [/home/pkalmegh/Projects/eclipse/cse6140/collectiveIntelligence/neo4j-store/index/lucene.log.1] clean empty log, version=0, lastTxId=1
2011-10-21 15:38:25.490-0400: TM opening log: neo4j-store/tm_tx_log.1
2011-10-21 15:38:25.511-0400: --- CONFIGURATION START ---
2011-10-21 15:38:25.511-0400: Physical mem: 2987MB, Heap size: 664MB
2011-10-21 15:38:25.513-0400: Kernel version: Neo4j - Graph Database Kernel 1.5.M02
2011-10-21 15:38:25.514-0400: Neo4j - Graph Database Kernel 1.5.M02
2011-10-21 15:38:25.517-0400: Operating System: Linux; version: 3.0.0-12-generic; arch: i386; cpus: 2
2011-10-21 15:38:25.517-0400: VM Name: OpenJDK Server VM
2011-10-21 15:38:25.517-0400: VM Vendor: Sun Microsystems Inc.
2011-10-21 15:38:25.517-0400: VM Version: 20.0-b11
2011-10-21 15:38:25.518-0400: Boot Class Path: /usr/lib/jvm/java-6-openjdk/jre/lib/resources.jar:/usr/lib/jvm/java-6-openjdk/jre/lib/rt.jar:/usr/lib/jvm/java-6-openjdk/jre/lib/sunrsasign.jar:/usr/lib/jvm/java-6-openjdk/jre/lib/jsse.jar:/usr/lib/jvm/java-6-openjdk/jre/lib/jce.jar:/usr/lib/jvm/java-6-openjdk/jre/lib/charsets.jar:/usr/lib/jvm/java-6-openjdk/jre/lib/netx.jar:/usr/lib/jvm/java-6-openjdk/jre/lib/plugin.jar:/usr/lib/jvm/java-6-openjdk/jre/lib/rhino.jar:/usr/lib/jvm/java-6-openjdk/jre/lib/modules/jdk.boot.jar:/usr/lib/jvm/java-6-openjdk/jre/classes
2011-10-21 15:38:25.518-0400: Class Path: /home/pkalmegh/Projects/eclipse/cse6140/collectiveIntelligence/bin:/home/pkalmegh/Projects/neo4j-home/lib/geronimo-jta_1.1_spec-1.1.1.jar:/home/pkalmegh/Projects/neo4j-home/lib/lucene-core-3.1.0.jar:/home/pkalmegh/Projects/neo4j-home/lib/neo4j-community-1.5.M02.jar:/home/pkalmegh/Projects/neo4j-home/lib/neo4j-cypher-1.5.M02.jar:/home/pkalmegh/Projects/neo4j-home/lib/neo4j-graph-algo-1.5.M02.jar:/home/pkalmegh/Projects/neo4j-home/lib/neo4j-graph-matching-1.5.M02.jar:/home/pkalmegh/Projects/neo4j-home/lib/neo4j-jmx-1.5.M02.jar:/home/pkalmegh/Projects/neo4j-home/lib/neo4j-kernel-1.5.M02.jar:/home/pkalmegh/Projects/neo4j-home/lib/neo4j-lucene-index-1.5.M02.jar:/home/pkalmegh/Projects/neo4j-home/lib/org.apache.servicemix.bundles.jline-0.9.94_1.jar:/home/pkalmegh/Projects/neo4j-home/lib/neo4j-shell-1.5.M02.jar:/home/pkalmegh/Projects/neo4j-home/lib/neo4j-udc-1.5.M02.jar:/home/pkalmegh/Projects/neo4j-home/lib/scala-library-2.9.0-1.jar:/home/pkalmegh/Projects/neo4j-home/lib/server-api-1.5.M02.jar
2011-10-21 15:38:25.518-0400: Library Path: /usr/lib/jvm/java-6-openjdk/jre/lib/i386/server:/usr/lib/jvm/java-6-openjdk/jre/lib/i386:/usr/lib/jvm/java-6-openjdk/jre/../lib/i386:/usr/lib/jvm/java-6-openjdk/jre/lib/i386/client:/usr/lib/jvm/java-6-openjdk/jre/lib/i386::/usr/java/packages/lib/i386:/usr/lib/jni:/lib:/usr/lib
2011-10-21 15:38:25.520-0400: Garbage Collector: PS Scavenge: [PS Eden Space, PS Survivor Space]
2011-10-21 15:38:25.520-0400: Garbage Collector: PS MarkSweep: [PS Eden Space, PS Survivor Space, PS Old Gen, PS Perm Gen]
2011-10-21 15:38:25.520-0400: VM Arguments: [-agentlib:jdwp=transport=dt_socket,suspend=y,address=localhost:38918, -Dfile.encoding=UTF-8]
2011-10-21 15:38:25.521-0400: 
2011-10-21 15:38:25.523-0400: create=true
2011-10-21 15:38:25.523-0400: logical_log=neo4j-store/nioneo_logical.log
2011-10-21 15:38:25.523-0400: neo_store=neo4j-store/neostore
2011-10-21 15:38:25.523-0400: neostore.nodestore.db.mapped_memory=20M
2011-10-21 15:38:25.523-0400: neostore.propertystore.db.arrays.mapped_memory=130M
2011-10-21 15:38:25.523-0400: neostore.propertystore.db.index.keys.mapped_memory=1M
2011-10-21 15:38:25.524-0400: neostore.propertystore.db.index.mapped_memory=1M
2011-10-21 15:38:25.524-0400: neostore.propertystore.db.mapped_memory=90M
2011-10-21 15:38:25.524-0400: neostore.propertystore.db.strings.mapped_memory=130M
2011-10-21 15:38:25.524-0400: neostore.relationshipstore.db.mapped_memory=100M
2011-10-21 15:38:25.524-0400: node_auto_indexing=false
2011-10-21 15:38:25.524-0400: rebuild_idgenerators_fast=true
2011-10-21 15:38:25.524-0400: relationship_auto_indexing=false
2011-10-21 15:38:25.524-0400: store_dir=neo4j-store
2011-10-21 15:38:25.524-0400: use_memory_mapped_buffers=true
2011-10-21 15:38:25.524-0400: --- CONFIGURATION END ---
2011-10-21 15:38:25.624-0400: Extension org.neo4j.kernel.KernelExtension[kernel jmx] loaded ok
2011-10-21 15:38:25.625-0400: Extension org.neo4j.kernel.KernelExtension[shell] loaded ok
2011-10-21 15:38:25.628-0400: Extension org.neo4j.kernel.KernelExtension[kernel udc] loaded ok
2011-10-21 15:41:05.519-0400: neo4j-store/neostore non clean shutdown detected
2011-10-21 15:41:05.546-0400: neo4j-store/neostore.relationshiptypestore.db non clean shutdown detected
2011-10-21 15:41:05.547-0400: neo4j-store/neostore.relationshiptypestore.db.names non clean shutdown detected
2011-10-21 15:41:05.557-0400: neo4j-store/neostore.propertystore.db non clean shutdown detected
2011-10-21 15:41:05.557-0400: neo4j-store/neostore.propertystore.db.strings non clean shutdown detected
2011-10-21 15:41:05.562-0400: neo4j-store/neostore.propertystore.db.index non clean shutdown detected
2011-10-21 15:41:05.562-0400: neo4j-store/neostore.propertystore.db.index.keys non clean shutdown detected
2011-10-21 15:41:05.563-0400: neo4j-store/neostore.propertystore.db.arrays non clean shutdown detected
2011-10-21 15:41:05.565-0400: neo4j-store/neostore.relationshipstore.db non clean shutdown detected
2011-10-21 15:41:05.567-0400: neo4j-store/neostore.nodestore.db non clean shutdown detected
2011-10-21 15:41:05.615-0400: Non clean shutdown detected on log [neo4j-store/nioneo_logical.log.1]. Recovery started ...
2011-10-21 15:41:05.619-0400: [neo4j-store/nioneo_logical.log.1] logVersion=0 with committed tx=2
2011-10-21 15:41:05.620-0400: [neo4j-store/nioneo_logical.log.1] entries found=0 lastEntryPos=16
2011-10-21 15:41:05.620-0400: Internal recovery completed, scanned 0 log entries. Recovered 0 transactions. Last tx recovered: -1
2011-10-21 15:41:05.620-0400: XaResourceManager[neo4j-store/nioneo_logical.log] sorting 0 xids
2011-10-21 15:41:05.621-0400: XaResourceManager[neo4j-store/nioneo_logical.log] checkRecoveryComplete 0 xids
2011-10-21 15:41:05.662-0400: neo4j-store/neostore.relationshiptypestore.db.names rebuild id generator, highId=2 defragged count=0
2011-10-21 15:41:05.795-0400: neo4j-store/neostore.propertystore.db.index.keys rebuild id generator, highId=1 defragged count=0
2011-10-21 15:41:05.855-0400: neo4j-store/neostore.propertystore.db.index rebuild id generator, highId=1 defragged count=0
2011-10-21 15:41:05.906-0400: neo4j-store/neostore.propertystore.db.strings rebuild id generator, highId=1 defragged count=0
2011-10-21 15:41:05.962-0400: neo4j-store/neostore.propertystore.db.arrays rebuild id generator, highId=1 defragged count=0
2011-10-21 15:41:06.027-0400: neo4j-store/neostore.propertystore.db rebuild id generator, highId=1 defragged count=0
2011-10-21 15:41:06.084-0400: neo4j-store/neostore.relationshipstore.db rebuild id generator, highId=1 defragged count=0
2011-10-21 15:41:06.185-0400: neo4j-store/neostore.nodestore.db rebuild id generator, highId=1 defragged count=0
2011-10-21 15:41:06.239-0400: neo4j-store/neostore rebuild id generator, highId=4 defragged count=0
2011-10-21 15:41:06.266-0400: XaResourceManager[neo4j-store/nioneo_logical.log] recovery completed.
2011-10-21 15:41:06.266-0400: Recovery on log [neo4j-store/nioneo_logical.log.1] completed.
2011-10-21 15:41:06.305-0400: Non clean shutdown detected on log [/home/pkalmegh/Projects/eclipse/cse6140/collectiveIntelligence/neo4j-store/index/lucene.log.1]. Recovery started ...
2011-10-21 15:41:06.306-0400: [/home/pkalmegh/Projects/eclipse/cse6140/collectiveIntelligence/neo4j-store/index/lucene.log.1] logVersion=0 with committed tx=1
2011-10-21 15:41:06.306-0400: [/home/pkalmegh/Projects/eclipse/cse6140/collectiveIntelligence/neo4j-store/index/lucene.log.1] entries found=0 lastEntryPos=16
2011-10-21 15:41:06.306-0400: Internal recovery completed, scanned 0 log entries. Recovered 0 transactions. Last tx recovered: -1
2011-10-21 15:41:06.306-0400: XaResourceManager[/home/pkalmegh/Projects/eclipse/cse6140/collectiveIntelligence/neo4j-store/index/lucene.log] sorting 0 xids
2011-10-21 15:41:06.306-0400: XaResourceManager[/home/pkalmegh/Projects/eclipse/cse6140/collectiveIntelligence/neo4j-store/index/lucene.log] checkRecoveryComplete 0 xids
2011-10-21 15:41:06.306-0400: XaResourceManager[/home/pkalmegh/Projects/eclipse/cse6140/collectiveIntelligence/neo4j-store/index/lucene.log] recovery completed.
2011-10-21 15:41:06.307-0400: Recovery on log [/home/pkalmegh/Projects/eclipse/cse6140/collectiveIntelligence/neo4j-store/index/lucene.log.1] completed.
2011-10-21 15:41:06.309-0400: TM opening log: neo4j-store/tm_tx_log.1
2011-10-21 15:41:06.326-0400: --- CONFIGURATION START ---
2011-10-21 15:41:06.327-0400: Physical mem: 2987MB, Heap size: 664MB
2011-10-21 15:41:06.329-0400: Kernel version: Neo4j - Graph Database Kernel 1.5.M02
2011-10-21 15:41:06.330-0400: Neo4j - Graph Database Kernel 1.5.M02
2011-10-21 15:41:06.333-0400: Operating System: Linux; version: 3.0.0-12-generic; arch: i386; cpus: 2
2011-10-21 15:41:06.333-0400: VM Name: OpenJDK Server VM
2011-10-21 15:41:06.334-0400: VM Vendor: Sun Microsystems Inc.
2011-10-21 15:41:06.334-0400: VM Version: 20.0-b11
2011-10-21 15:41:06.334-0400: Boot Class Path: /usr/lib/jvm/java-6-openjdk/jre/lib/resources.jar:/usr/lib/jvm/java-6-openjdk/jre/lib/rt.jar:/usr/lib/jvm/java-6-openjdk/jre/lib/sunrsasign.jar:/usr/lib/jvm/java-6-openjdk/jre/lib/jsse.jar:/usr/lib/jvm/java-6-openjdk/jre/lib/jce.jar:/usr/lib/jvm/java-6-openjdk/jre/lib/charsets.jar:/usr/lib/jvm/java-6-openjdk/jre/lib/netx.jar:/usr/lib/jvm/java-6-openjdk/jre/lib/plugin.jar:/usr/lib/jvm/java-6-openjdk/jre/lib/rhino.jar:/usr/lib/jvm/java-6-openjdk/jre/lib/modules/jdk.boot.jar:/usr/lib/jvm/java-6-openjdk/jre/classes
2011-10-21 15:41:06.334-0400: Class Path: /home/pkalmegh/Projects/eclipse/cse6140/collectiveIntelligence/bin:/home/pkalmegh/Projects/neo4j-home/lib/geronimo-jta_1.1_spec-1.1.1.jar:/home/pkalmegh/Projects/neo4j-home/lib/lucene-core-3.1.0.jar:/home/pkalmegh/Projects/neo4j-home/lib/neo4j-community-1.5.M02.jar:/home/pkalmegh/Projects/neo4j-home/lib/neo4j-cypher-1.5.M02.jar:/home/pkalmegh/Projects/neo4j-home/lib/neo4j-graph-algo-1.5.M02.jar:/home/pkalmegh/Projects/neo4j-home/lib/neo4j-graph-matching-1.5.M02.jar:/home/pkalmegh/Projects/neo4j-home/lib/neo4j-jmx-1.5.M02.jar:/home/pkalmegh/Projects/neo4j-home/lib/neo4j-kernel-1.5.M02.jar:/home/pkalmegh/Projects/neo4j-home/lib/neo4j-lucene-index-1.5.M02.jar:/home/pkalmegh/Projects/neo4j-home/lib/org.apache.servicemix.bundles.jline-0.9.94_1.jar:/home/pkalmegh/Projects/neo4j-home/lib/neo4j-shell-1.5.M02.jar:/home/pkalmegh/Projects/neo4j-home/lib/neo4j-udc-1.5.M02.jar:/home/pkalmegh/Projects/neo4j-home/lib/scala-library-2.9.0-1.jar:/home/pkalmegh/Projects/neo4j-home/lib/server-api-1.5.M02.jar
2011-10-21 15:41:06.334-0400: Library Path: /usr/lib/jvm/java-6-openjdk/jre/lib/i386/server:/usr/lib/jvm/java-6-openjdk/jre/lib/i386:/usr/lib/jvm/java-6-openjdk/jre/../lib/i386:/usr/lib/jvm/java-6-openjdk/jre/lib/i386/client:/usr/lib/jvm/java-6-openjdk/jre/lib/i386::/usr/java/packages/lib/i386:/usr/lib/jni:/lib:/usr/lib
2011-10-21 15:41:06.337-0400: Garbage Collector: PS Scavenge: [PS Eden Space, PS Survivor Space]
2011-10-21 15:41:06.337-0400: Garbage Collector: PS MarkSweep: [PS Eden Space, PS Survivor Space, PS Old Gen, PS Perm Gen]
2011-10-21 15:41:06.337-0400: VM Arguments: [-Dfile.encoding=UTF-8]
2011-10-21 15:41:06.337-0400: 
2011-10-21 15:41:06.339-0400: create=true
2011-10-21 15:41:06.339-0400: logical_log=neo4j-store/nioneo_logical.log
2011-10-21 15:41:06.339-0400: neo_store=neo4j-store/neostore
2011-10-21 15:41:06.340-0400: neostore.nodestore.db.mapped_memory=20M
2011-10-21 15:41:06.340-0400: neostore.propertystore.db.arrays.mapped_memory=130M
2011-10-21 15:41:06.340-0400: neostore.propertystore.db.index.keys.mapped_memory=1M
2011-10-21 15:41:06.340-0400: neostore.propertystore.db.index.mapped_memory=1M
2011-10-21 15:41:06.340-0400: neostore.propertystore.db.mapped_memory=90M
2011-10-21 15:41:06.340-0400: neostore.propertystore.db.strings.mapped_memory=130M
2011-10-21 15:41:06.340-0400: neostore.relationshipstore.db.mapped_memory=100M
2011-10-21 15:41:06.340-0400: node_auto_indexing=false
2011-10-21 15:41:06.340-0400: rebuild_idgenerators_fast=true
2011-10-21 15:41:06.340-0400: relationship_auto_indexing=false
2011-10-21 15:41:06.340-0400: store_dir=neo4j-store
2011-10-21 15:41:06.340-0400: use_memory_mapped_buffers=true
2011-10-21 15:41:06.340-0400: --- CONFIGURATION END ---
2011-10-21 15:41:06.455-0400: Extension org.neo4j.kernel.KernelExtension[kernel jmx] loaded ok
2011-10-21 15:41:06.456-0400: Extension org.neo4j.kernel.KernelExtension[shell] loaded ok
2011-10-21 15:41:06.459-0400: Extension org.neo4j.kernel.KernelExtension[kernel udc] loaded ok
2011-10-21 15:41:06.533-0400: Closed log neo4j-store/nioneo_logical.log
2011-10-21 15:41:06.866-0400: NeoStore closed
2011-10-21 15:41:06.877-0400: Closed log /home/pkalmegh/Projects/eclipse/cse6140/collectiveIntelligence/neo4j-store/index/lucene.log
2011-10-21 15:41:06.877-0400: NeoStore closed
2011-10-21 15:41:06.911-0400: TM shutting down
2011-10-21 15:41:48.865-0400: Opened [neo4j-store/nioneo_logical.log.1] clean empty log, version=0, lastTxId=2
2011-10-21 15:41:48.929-0400: Opened [/home/pkalmegh/Projects/eclipse/cse6140/collectiveIntelligence/neo4j-store/index/lucene.log.1] clean empty log, version=0, lastTxId=1
2011-10-21 15:41:48.944-0400: TM opening log: neo4j-store/tm_tx_log.1
2011-10-21 15:41:48.968-0400: --- CONFIGURATION START ---
2011-10-21 15:41:48.968-0400: Physical mem: 2987MB, Heap size: 664MB
2011-10-21 15:41:48.971-0400: Kernel version: Neo4j - Graph Database Kernel 1.5.M02
2011-10-21 15:41:48.971-0400: Neo4j - Graph Database Kernel 1.5.M02
2011-10-21 15:41:48.974-0400: Operating System: Linux; version: 3.0.0-12-generic; arch: i386; cpus: 2
2011-10-21 15:41:48.974-0400: VM Name: OpenJDK Server VM
2011-10-21 15:41:48.974-0400: VM Vendor: Sun Microsystems Inc.
2011-10-21 15:41:48.974-0400: VM Version: 20.0-b11
2011-10-21 15:41:48.975-0400: Boot Class Path: /usr/lib/jvm/java-6-openjdk/jre/lib/resources.jar:/usr/lib/jvm/java-6-openjdk/jre/lib/rt.jar:/usr/lib/jvm/java-6-openjdk/jre/lib/sunrsasign.jar:/usr/lib/jvm/java-6-openjdk/jre/lib/jsse.jar:/usr/lib/jvm/java-6-openjdk/jre/lib/jce.jar:/usr/lib/jvm/java-6-openjdk/jre/lib/charsets.jar:/usr/lib/jvm/java-6-openjdk/jre/lib/netx.jar:/usr/lib/jvm/java-6-openjdk/jre/lib/plugin.jar:/usr/lib/jvm/java-6-openjdk/jre/lib/rhino.jar:/usr/lib/jvm/java-6-openjdk/jre/lib/modules/jdk.boot.jar:/usr/lib/jvm/java-6-openjdk/jre/classes
2011-10-21 15:41:48.975-0400: Class Path: /home/pkalmegh/Projects/eclipse/cse6140/collectiveIntelligence/bin:/home/pkalmegh/Projects/neo4j-home/lib/geronimo-jta_1.1_spec-1.1.1.jar:/home/pkalmegh/Projects/neo4j-home/lib/lucene-core-3.1.0.jar:/home/pkalmegh/Projects/neo4j-home/lib/neo4j-community-1.5.M02.jar:/home/pkalmegh/Projects/neo4j-home/lib/neo4j-cypher-1.5.M02.jar:/home/pkalmegh/Projects/neo4j-home/lib/neo4j-graph-algo-1.5.M02.jar:/home/pkalmegh/Projects/neo4j-home/lib/neo4j-graph-matching-1.5.M02.jar:/home/pkalmegh/Projects/neo4j-home/lib/neo4j-jmx-1.5.M02.jar:/home/pkalmegh/Projects/neo4j-home/lib/neo4j-kernel-1.5.M02.jar:/home/pkalmegh/Projects/neo4j-home/lib/neo4j-lucene-index-1.5.M02.jar:/home/pkalmegh/Projects/neo4j-home/lib/org.apache.servicemix.bundles.jline-0.9.94_1.jar:/home/pkalmegh/Projects/neo4j-home/lib/neo4j-shell-1.5.M02.jar:/home/pkalmegh/Projects/neo4j-home/lib/neo4j-udc-1.5.M02.jar:/home/pkalmegh/Projects/neo4j-home/lib/scala-library-2.9.0-1.jar:/home/pkalmegh/Projects/neo4j-home/lib/server-api-1.5.M02.jar
2011-10-21 15:41:48.975-0400: Library Path: /usr/lib/jvm/java-6-openjdk/jre/lib/i386/server:/usr/lib/jvm/java-6-openjdk/jre/lib/i386:/usr/lib/jvm/java-6-openjdk/jre/../lib/i386:/usr/lib/jvm/java-6-openjdk/jre/lib/i386/client:/usr/lib/jvm/java-6-openjdk/jre/lib/i386::/usr/java/packages/lib/i386:/usr/lib/jni:/lib:/usr/lib
2011-10-21 15:41:48.977-0400: Garbage Collector: PS Scavenge: [PS Eden Space, PS Survivor Space]
2011-10-21 15:41:48.977-0400: Garbage Collector: PS MarkSweep: [PS Eden Space, PS Survivor Space, PS Old Gen, PS Perm Gen]
2011-10-21 15:41:48.977-0400: VM Arguments: [-Dfile.encoding=UTF-8]
2011-10-21 15:41:48.977-0400: 
2011-10-21 15:41:48.980-0400: create=true
2011-10-21 15:41:48.980-0400: logical_log=neo4j-store/nioneo_logical.log
2011-10-21 15:41:48.980-0400: neo_store=neo4j-store/neostore
2011-10-21 15:41:48.980-0400: neostore.nodestore.db.mapped_memory=20M
2011-10-21 15:41:48.980-0400: neostore.propertystore.db.arrays.mapped_memory=130M
2011-10-21 15:41:48.980-0400: neostore.propertystore.db.index.keys.mapped_memory=1M
2011-10-21 15:41:48.981-0400: neostore.propertystore.db.index.mapped_memory=1M
2011-10-21 15:41:48.981-0400: neostore.propertystore.db.mapped_memory=90M
2011-10-21 15:41:48.981-0400: neostore.propertystore.db.strings.mapped_memory=130M
2011-10-21 15:41:48.981-0400: neostore.relationshipstore.db.mapped_memory=100M
2011-10-21 15:41:48.981-0400: node_auto_indexing=false
2011-10-21 15:41:48.981-0400: rebuild_idgenerators_fast=true
2011-10-21 15:41:48.981-0400: relationship_auto_indexing=false
2011-10-21 15:41:48.981-0400: store_dir=neo4j-store
2011-10-21 15:41:48.981-0400: use_memory_mapped_buffers=true
2011-10-21 15:41:48.981-0400: --- CONFIGURATION END ---
2011-10-21 15:41:49.076-0400: Extension org.neo4j.kernel.KernelExtension[kernel jmx] loaded ok
2011-10-21 15:41:49.077-0400: Extension org.neo4j.kernel.KernelExtension[shell] loaded ok
2011-10-21 15:41:49.079-0400: Extension org.neo4j.kernel.KernelExtension[kernel udc] loaded ok
2011-10-21 15:41:49.280-0400: Closed log neo4j-store/nioneo_logical.log
2011-10-21 15:41:49.601-0400: NeoStore closed
2011-10-21 15:41:49.656-0400: Closed log /home/pkalmegh/Projects/eclipse/cse6140/collectiveIntelligence/neo4j-store/index/lucene.log
2011-10-21 15:41:49.657-0400: NeoStore closed
2011-10-21 15:41:49.697-0400: TM shutting down
2011-10-21 15:43:48.182-0400: Opened [neo4j-store/nioneo_logical.log.1] clean empty log, version=0, lastTxId=2
2011-10-21 15:43:48.260-0400: Opened [/home/pkalmegh/Projects/eclipse/cse6140/collectiveIntelligence/neo4j-store/index/lucene.log.1] clean empty log, version=0, lastTxId=1
2011-10-21 15:43:48.269-0400: TM opening log: neo4j-store/tm_tx_log.1
2011-10-21 15:43:48.289-0400: --- CONFIGURATION START ---
2011-10-21 15:43:48.290-0400: Physical mem: 2987MB, Heap size: 664MB
2011-10-21 15:43:48.292-0400: Kernel version: Neo4j - Graph Database Kernel 1.5.M02
2011-10-21 15:43:48.293-0400: Neo4j - Graph Database Kernel 1.5.M02
2011-10-21 15:43:48.296-0400: Operating System: Linux; version: 3.0.0-12-generic; arch: i386; cpus: 2
2011-10-21 15:43:48.296-0400: VM Name: OpenJDK Server VM
2011-10-21 15:43:48.296-0400: VM Vendor: Sun Microsystems Inc.
2011-10-21 15:43:48.296-0400: VM Version: 20.0-b11
2011-10-21 15:43:48.296-0400: Boot Class Path: /usr/lib/jvm/java-6-openjdk/jre/lib/resources.jar:/usr/lib/jvm/java-6-openjdk/jre/lib/rt.jar:/usr/lib/jvm/java-6-openjdk/jre/lib/sunrsasign.jar:/usr/lib/jvm/java-6-openjdk/jre/lib/jsse.jar:/usr/lib/jvm/java-6-openjdk/jre/lib/jce.jar:/usr/lib/jvm/java-6-openjdk/jre/lib/charsets.jar:/usr/lib/jvm/java-6-openjdk/jre/lib/netx.jar:/usr/lib/jvm/java-6-openjdk/jre/lib/plugin.jar:/usr/lib/jvm/java-6-openjdk/jre/lib/rhino.jar:/usr/lib/jvm/java-6-openjdk/jre/lib/modules/jdk.boot.jar:/usr/lib/jvm/java-6-openjdk/jre/classes
2011-10-21 15:43:48.296-0400: Class Path: /home/pkalmegh/Projects/eclipse/cse6140/collectiveIntelligence/bin:/home/pkalmegh/Projects/neo4j-home/lib/geronimo-jta_1.1_spec-1.1.1.jar:/home/pkalmegh/Projects/neo4j-home/lib/lucene-core-3.1.0.jar:/home/pkalmegh/Projects/neo4j-home/lib/neo4j-community-1.5.M02.jar:/home/pkalmegh/Projects/neo4j-home/lib/neo4j-cypher-1.5.M02.jar:/home/pkalmegh/Projects/neo4j-home/lib/neo4j-graph-algo-1.5.M02.jar:/home/pkalmegh/Projects/neo4j-home/lib/neo4j-graph-matching-1.5.M02.jar:/home/pkalmegh/Projects/neo4j-home/lib/neo4j-jmx-1.5.M02.jar:/home/pkalmegh/Projects/neo4j-home/lib/neo4j-kernel-1.5.M02.jar:/home/pkalmegh/Projects/neo4j-home/lib/neo4j-lucene-index-1.5.M02.jar:/home/pkalmegh/Projects/neo4j-home/lib/org.apache.servicemix.bundles.jline-0.9.94_1.jar:/home/pkalmegh/Projects/neo4j-home/lib/neo4j-shell-1.5.M02.jar:/home/pkalmegh/Projects/neo4j-home/lib/neo4j-udc-1.5.M02.jar:/home/pkalmegh/Projects/neo4j-home/lib/scala-library-2.9.0-1.jar:/home/pkalmegh/Projects/neo4j-home/lib/server-api-1.5.M02.jar
2011-10-21 15:43:48.296-0400: Library Path: /usr/lib/jvm/java-6-openjdk/jre/lib/i386/server:/usr/lib/jvm/java-6-openjdk/jre/lib/i386:/usr/lib/jvm/java-6-openjdk/jre/../lib/i386:/usr/lib/jvm/java-6-openjdk/jre/lib/i386/client:/usr/lib/jvm/java-6-openjdk/jre/lib/i386::/usr/java/packages/lib/i386:/usr/lib/jni:/lib:/usr/lib
2011-10-21 15:43:48.299-0400: Garbage Collector: PS Scavenge: [PS Eden Space, PS Survivor Space]
2011-10-21 15:43:48.299-0400: Garbage Collector: PS MarkSweep: [PS Eden Space, PS Survivor Space, PS Old Gen, PS Perm Gen]
2011-10-21 15:43:48.299-0400: VM Arguments: [-Dfile.encoding=UTF-8]
2011-10-21 15:43:48.299-0400: 
2011-10-21 15:43:48.302-0400: create=true
2011-10-21 15:43:48.302-0400: logical_log=neo4j-store/nioneo_logical.log
2011-10-21 15:43:48.302-0400: neo_store=neo4j-store/neostore
2011-10-21 15:43:48.302-0400: neostore.nodestore.db.mapped_memory=20M
2011-10-21 15:43:48.302-0400: neostore.propertystore.db.arrays.mapped_memory=130M
2011-10-21 15:43:48.302-0400: neostore.propertystore.db.index.keys.mapped_memory=1M
2011-10-21 15:43:48.303-0400: neostore.propertystore.db.index.mapped_memory=1M
2011-10-21 15:43:48.303-0400: neostore.propertystore.db.mapped_memory=90M
2011-10-21 15:43:48.303-0400: neostore.propertystore.db.strings.mapped_memory=130M
2011-10-21 15:43:48.303-0400: neostore.relationshipstore.db.mapped_memory=100M
2011-10-21 15:43:48.303-0400: node_auto_indexing=false
2011-10-21 15:43:48.303-0400: rebuild_idgenerators_fast=true
2011-10-21 15:43:48.303-0400: relationship_auto_indexing=false
2011-10-21 15:43:48.303-0400: store_dir=neo4j-store
2011-10-21 15:43:48.303-0400: use_memory_mapped_buffers=true
2011-10-21 15:43:48.303-0400: --- CONFIGURATION END ---
2011-10-21 15:43:48.399-0400: Extension org.neo4j.kernel.KernelExtension[kernel jmx] loaded ok
2011-10-21 15:43:48.400-0400: Extension org.neo4j.kernel.KernelExtension[shell] loaded ok
2011-10-21 15:43:48.403-0400: Extension org.neo4j.kernel.KernelExtension[kernel udc] loaded ok
2011-10-21 15:43:48.616-0400: Closed log neo4j-store/nioneo_logical.log
2011-10-21 15:43:48.970-0400: NeoStore closed
2011-10-21 15:43:49.025-0400: Closed log /home/pkalmegh/Projects/eclipse/cse6140/collectiveIntelligence/neo4j-store/index/lucene.log
2011-10-21 15:43:49.026-0400: NeoStore closed
2011-10-21 15:43:49.063-0400: TM shutting down
2011-10-21 16:17:00.568-0400: Opened [neo4j-store/nioneo_logical.log.1] clean empty log, version=0, lastTxId=2
2011-10-21 16:17:00.642-0400: Opened [/home/pkalmegh/Projects/eclipse/cse6140/collectiveIntelligence/neo4j-store/index/lucene.log.1] clean empty log, version=0, lastTxId=1
2011-10-21 16:17:00.651-0400: TM opening log: neo4j-store/tm_tx_log.1
2011-10-21 16:17:00.690-0400: --- CONFIGURATION START ---
2011-10-21 16:17:00.690-0400: Physical mem: 2987MB, Heap size: 664MB
2011-10-21 16:17:00.692-0400: Kernel version: Neo4j - Graph Database Kernel 1.5.M02
2011-10-21 16:17:00.693-0400: Neo4j - Graph Database Kernel 1.5.M02
2011-10-21 16:17:00.710-0400: Operating System: Linux; version: 3.0.0-12-generic; arch: i386; cpus: 2
2011-10-21 16:17:00.710-0400: VM Name: OpenJDK Server VM
2011-10-21 16:17:00.710-0400: VM Vendor: Sun Microsystems Inc.
2011-10-21 16:17:00.710-0400: VM Version: 20.0-b11
2011-10-21 16:17:00.710-0400: Boot Class Path: /usr/lib/jvm/java-6-openjdk/jre/lib/resources.jar:/usr/lib/jvm/java-6-openjdk/jre/lib/rt.jar:/usr/lib/jvm/java-6-openjdk/jre/lib/sunrsasign.jar:/usr/lib/jvm/java-6-openjdk/jre/lib/jsse.jar:/usr/lib/jvm/java-6-openjdk/jre/lib/jce.jar:/usr/lib/jvm/java-6-openjdk/jre/lib/charsets.jar:/usr/lib/jvm/java-6-openjdk/jre/lib/netx.jar:/usr/lib/jvm/java-6-openjdk/jre/lib/plugin.jar:/usr/lib/jvm/java-6-openjdk/jre/lib/rhino.jar:/usr/lib/jvm/java-6-openjdk/jre/lib/modules/jdk.boot.jar:/usr/lib/jvm/java-6-openjdk/jre/classes
2011-10-21 16:17:00.711-0400: Class Path: /home/pkalmegh/Projects/eclipse/cse6140/collectiveIntelligence/bin:/home/pkalmegh/Projects/neo4j-home/lib/geronimo-jta_1.1_spec-1.1.1.jar:/home/pkalmegh/Projects/neo4j-home/lib/lucene-core-3.1.0.jar:/home/pkalmegh/Projects/neo4j-home/lib/neo4j-community-1.5.M02.jar:/home/pkalmegh/Projects/neo4j-home/lib/neo4j-cypher-1.5.M02.jar:/home/pkalmegh/Projects/neo4j-home/lib/neo4j-graph-algo-1.5.M02.jar:/home/pkalmegh/Projects/neo4j-home/lib/neo4j-graph-matching-1.5.M02.jar:/home/pkalmegh/Projects/neo4j-home/lib/neo4j-jmx-1.5.M02.jar:/home/pkalmegh/Projects/neo4j-home/lib/neo4j-kernel-1.5.M02.jar:/home/pkalmegh/Projects/neo4j-home/lib/neo4j-lucene-index-1.5.M02.jar:/home/pkalmegh/Projects/neo4j-home/lib/org.apache.servicemix.bundles.jline-0.9.94_1.jar:/home/pkalmegh/Projects/neo4j-home/lib/neo4j-shell-1.5.M02.jar:/home/pkalmegh/Projects/neo4j-home/lib/neo4j-udc-1.5.M02.jar:/home/pkalmegh/Projects/neo4j-home/lib/scala-library-2.9.0-1.jar:/home/pkalmegh/Projects/neo4j-home/lib/server-api-1.5.M02.jar
2011-10-21 16:17:00.711-0400: Library Path: /usr/lib/jvm/java-6-openjdk/jre/lib/i386/server:/usr/lib/jvm/java-6-openjdk/jre/lib/i386:/usr/lib/jvm/java-6-openjdk/jre/../lib/i386:/usr/lib/jvm/java-6-openjdk/jre/lib/i386/client:/usr/lib/jvm/java-6-openjdk/jre/lib/i386::/usr/java/packages/lib/i386:/usr/lib/jni:/lib:/usr/lib
2011-10-21 16:17:00.713-0400: Garbage Collector: PS Scavenge: [PS Eden Space, PS Survivor Space]
2011-10-21 16:17:00.713-0400: Garbage Collector: PS MarkSweep: [PS Eden Space, PS Survivor Space, PS Old Gen, PS Perm Gen]
2011-10-21 16:17:00.713-0400: VM Arguments: [-Dfile.encoding=UTF-8]
2011-10-21 16:17:00.713-0400: 
2011-10-21 16:17:00.716-0400: create=true
2011-10-21 16:17:00.716-0400: logical_log=neo4j-store/nioneo_logical.log
2011-10-21 16:17:00.716-0400: neo_store=neo4j-store/neostore
2011-10-21 16:17:00.716-0400: neostore.nodestore.db.mapped_memory=20M
2011-10-21 16:17:00.716-0400: neostore.propertystore.db.arrays.mapped_memory=130M
2011-10-21 16:17:00.716-0400: neostore.propertystore.db.index.keys.mapped_memory=1M
2011-10-21 16:17:00.716-0400: neostore.propertystore.db.index.mapped_memory=1M
2011-10-21 16:17:00.716-0400: neostore.propertystore.db.mapped_memory=90M
2011-10-21 16:17:00.716-0400: neostore.propertystore.db.strings.mapped_memory=130M
2011-10-21 16:17:00.717-0400: neostore.relationshipstore.db.mapped_memory=100M
2011-10-21 16:17:00.717-0400: node_auto_indexing=false
2011-10-21 16:17:00.717-0400: rebuild_idgenerators_fast=true
2011-10-21 16:17:00.717-0400: relationship_auto_indexing=false
2011-10-21 16:17:00.738-0400: store_dir=neo4j-store
2011-10-21 16:17:00.738-0400: use_memory_mapped_buffers=true
2011-10-21 16:17:00.738-0400: --- CONFIGURATION END ---
2011-10-21 16:17:00.831-0400: Extension org.neo4j.kernel.KernelExtension[kernel jmx] loaded ok
2011-10-21 16:17:00.833-0400: Extension org.neo4j.kernel.KernelExtension[shell] loaded ok
2011-10-21 16:17:00.835-0400: Extension org.neo4j.kernel.KernelExtension[kernel udc] loaded ok
2011-10-21 16:17:01.097-0400: Closed log neo4j-store/nioneo_logical.log
2011-10-21 16:17:01.859-0400: NeoStore closed
2011-10-21 16:17:01.936-0400: Closed log /home/pkalmegh/Projects/eclipse/cse6140/collectiveIntelligence/neo4j-store/index/lucene.log
2011-10-21 16:17:01.937-0400: NeoStore closed
2011-10-21 16:17:01.968-0400: TM shutting down
